<?xml version="1.0" encoding="UTF-8"?>
<!-- Generated by org.testng.reporters.JUnitXMLReporter -->
<testsuite hostname="DESKTOP-D9K9090" ignored="1" name="HomeLoan" tests="5" failures="0" timestamp="04 Jul 2022 13:15:32 GMT" time="0.022" errors="0">
  <testcase name="SecondMethod" time="0.0" classname="testngDemo.Demo3"/>
  <testcase name="SecondMethod2" time="0.001" classname="testngDemo.Demo3"/>
  <testcase name="SecondMethod" time="0.0" classname="testngDemo.Demo4"/>
  <testcase name="SecondMethod1" time="0.0" classname="testngDemo.Demo4"/>
  <testcase name="SecondMethod2" time="0.0" classname="testngDemo.Demo4"/>
  <testcase name="SecondMethod1" time="0.0" classname="testngDemo.Demo3">
    <ignored/>
  </testcase> <!-- SecondMethod1 -->
</testsuite> <!-- HomeLoan -->
